Flow report for RXTX
Tue Apr 16 15:42:12 2024
Quartus Prime Version 17.0.0 Build 595 04/25/2017 SJ Lite Edition


---------------------
; Table of Contents ;
---------------------
  1. Legal Notice
  2. Flow Summary
  3. Flow Settings
  4. Flow Non-Default Global Settings
  5. Flow Elapsed Time
  6. Flow OS Summary
  7. Flow Log
  8. Flow Messages
  9. Flow Suppressed Messages



----------------
; Legal Notice ;
----------------
Copyright (C) 2017  Intel Corporation. All rights reserved.
Your use of Intel Corporation's design tools, logic functions 
and other software and tools, and its AMPP partner logic 
functions, and any output files from any of the foregoing 
(including device programming or simulation files), and any 
associated documentation or information are expressly subject 
to the terms and conditions of the Intel Program License 
Subscription Agreement, the Intel Quartus Prime License Agreement,
the Intel MegaCore Function License Agreement, or other 
applicable license agreement, including, without limitation, 
that your use is for the sole purpose of programming logic 
devices manufactured by Intel and sold by Intel or its 
authorized distributors.  Please refer to the applicable 
agreement for further details.



+----------------------------------------------------------------------------------+
; Flow Summary                                                                     ;
+------------------------------------+---------------------------------------------+
; Flow Status                        ; Successful - Tue Apr 16 15:42:06 2024       ;
; Quartus Prime Version              ; 17.0.0 Build 595 04/25/2017 SJ Lite Edition ;
; Revision Name                      ; RXTX                                        ;
; Top-level Entity Name              ; rxtx                                        ;
; Family                             ; MAX 10                                      ;
; Device                             ; 10M50DAF484C7G                              ;
; Timing Models                      ; Final                                       ;
; Total logic elements               ; 373 / 49,760 ( < 1 % )                      ;
;     Total combinational functions  ; 355 / 49,760 ( < 1 % )                      ;
;     Dedicated logic registers      ; 239 / 49,760 ( < 1 % )                      ;
; Total registers                    ; 239                                         ;
; Total pins                         ; 46 / 360 ( 13 % )                           ;
; Total virtual pins                 ; 0                                           ;
; Total memory bits                  ; 256 / 1,677,312 ( < 1 % )                   ;
; Embedded Multiplier 9-bit elements ; 0 / 288 ( 0 % )                             ;
; Total PLLs                         ; 1 / 4 ( 25 % )                              ;
; UFM blocks                         ; 0 / 1 ( 0 % )                               ;
; ADC blocks                         ; 1 / 2 ( 50 % )                              ;
+------------------------------------+---------------------------------------------+


+-----------------------------------------+
; Flow Settings                           ;
+-------------------+---------------------+
; Option            ; Setting             ;
+-------------------+---------------------+
; Start date & time ; 04/16/2024 15:41:32 ;
; Main task         ; Compilation         ;
; Revision Name     ; RXTX                ;
+-------------------+---------------------+


+-------------------------------------------------------------------------------------------------------------------------------------------+
; Flow Non-Default Global Settings                                                                                                          ;
+-------------------------------------+----------------------------------------------------------+---------------+-------------+------------+
; Assignment Name                     ; Value                                                    ; Default Value ; Entity Name ; Section Id ;
+-------------------------------------+----------------------------------------------------------+---------------+-------------+------------+
; COMPILER_SIGNATURE_ID               ; 198112241998279.171327129111740                          ; --            ; --          ; --         ;
; MAX_CORE_JUNCTION_TEMP              ; 85                                                       ; --            ; --          ; --         ;
; MIN_CORE_JUNCTION_TEMP              ; 0                                                        ; --            ; --          ; --         ;
; MISC_FILE                           ; my_adc/synthesis/../my_adc.cmp                           ; --            ; --          ; --         ;
; MISC_FILE                           ; my_adc/synthesis/../../my_adc.qsys                       ; --            ; --          ; --         ;
; MISC_FILE                           ; my_pll.bsf                                               ; --            ; --          ; --         ;
; MISC_FILE                           ; my_pll_inst.vhd                                          ; --            ; --          ; --         ;
; MISC_FILE                           ; my_pll.inc                                               ; --            ; --          ; --         ;
; MISC_FILE                           ; my_pll.cmp                                               ; --            ; --          ; --         ;
; MISC_FILE                           ; my_pll.ppf                                               ; --            ; --          ; --         ;
; PARTITION_COLOR                     ; -- (Not supported for targeted family)                   ; --            ; rxtx        ; Top        ;
; PARTITION_FITTER_PRESERVATION_LEVEL ; -- (Not supported for targeted family)                   ; --            ; rxtx        ; Top        ;
; PARTITION_NETLIST_TYPE              ; -- (Not supported for targeted family)                   ; --            ; rxtx        ; Top        ;
; POWER_BOARD_THERMAL_MODEL           ; None (CONSERVATIVE)                                      ; --            ; --          ; --         ;
; POWER_PRESET_COOLING_SOLUTION       ; 23 MM HEAT SINK WITH 200 LFPM AIRFLOW                    ; --            ; --          ; --         ;
; PROJECT_OUTPUT_DIRECTORY            ; output_files                                             ; --            ; --          ; --         ;
; SLD_FILE                            ; my_adc/synthesis/my_adc.debuginfo                        ; --            ; --          ; --         ;
; SLD_INFO                            ; QSYS_NAME my_adc HAS_SOPCINFO 1 GENERATION_ID 1701624441 ; --            ; my_adc      ; --         ;
; SOPCINFO_FILE                       ; my_adc/synthesis/../../my_adc.sopcinfo                   ; --            ; --          ; --         ;
; SYNTHESIS_ONLY_QIP                  ; On                                                       ; --            ; --          ; --         ;
+-------------------------------------+----------------------------------------------------------+---------------+-------------+------------+


+-------------------------------------------------------------------------------------------------------------------------------+
; Flow Elapsed Time                                                                                                             ;
+---------------------------+--------------+-------------------------+---------------------+------------------------------------+
; Module Name               ; Elapsed Time ; Average Processors Used ; Peak Virtual Memory ; Total CPU Time (on all processors) ;
+---------------------------+--------------+-------------------------+---------------------+------------------------------------+
; Analysis & Synthesis      ; 00:00:11     ; 1.0                     ; 4830 MB             ; 00:00:17                           ;
; Fitter                    ; 00:00:11     ; 1.1                     ; 5833 MB             ; 00:00:13                           ;
; Assembler                 ; 00:00:05     ; 1.0                     ; 4670 MB             ; 00:00:02                           ;
; TimeQuest Timing Analyzer ; 00:00:05     ; 1.1                     ; 4849 MB             ; 00:00:02                           ;
; Total                     ; 00:00:32     ; --                      ; --                  ; 00:00:34                           ;
+---------------------------+--------------+-------------------------+---------------------+------------------------------------+


+-----------------------------------------------------------------------------------------+
; Flow OS Summary                                                                         ;
+---------------------------+------------------+------------+------------+----------------+
; Module Name               ; Machine Hostname ; OS Name    ; OS Version ; Processor type ;
+---------------------------+------------------+------------+------------+----------------+
; Analysis & Synthesis      ; 111-02           ; Windows 10 ; 10.0       ; x86_64         ;
; Fitter                    ; 111-02           ; Windows 10 ; 10.0       ; x86_64         ;
; Assembler                 ; 111-02           ; Windows 10 ; 10.0       ; x86_64         ;
; TimeQuest Timing Analyzer ; 111-02           ; Windows 10 ; 10.0       ; x86_64         ;
+---------------------------+------------------+------------+------------+----------------+


------------
; Flow Log ;
------------
quartus_map --read_settings_files=on --write_settings_files=off RXTX -c RXTX
quartus_fit --read_settings_files=off --write_settings_files=off RXTX -c RXTX
quartus_asm --read_settings_files=off --write_settings_files=off RXTX -c RXTX
quartus_sta RXTX -c RXTX



